2010/6/1 上午 10:49:45 org.apache.catalina.core.ApplicationContext log
資訊: ContextListener: contextInitialized()
2010/6/1 上午 10:49:45 org.apache.catalina.core.ApplicationContext log
資訊: SessionListener: contextInitialized()
2010/6/1 上午 10:50:57 org.apache.catalina.core.ApplicationContext log
資訊: ContextListener: contextInitialized()
2010/6/1 上午 10:50:57 org.apache.catalina.core.ApplicationContext log
資訊: SessionListener: contextInitialized()
2010/6/1 上午 10:52:53 org.apache.catalina.core.ApplicationContext log
資訊: ContextListener: contextInitialized()
2010/6/1 上午 10:52:53 org.apache.catalina.core.ApplicationContext log
資訊: SessionListener: contextInitialized()
2010/6/1 上午 10:55:53 org.apache.catalina.core.ApplicationContext log
資訊: SessionListener: contextDestroyed()
2010/6/1 上午 10:55:53 org.apache.catalina.core.ApplicationContext log
資訊: ContextListener: contextDestroyed()
2010/6/1 上午 10:55:56 org.apache.catalina.core.ApplicationContext log
資訊: ContextListener: contextInitialized()
2010/6/1 上午 10:55:56 org.apache.catalina.core.ApplicationContext log
資訊: SessionListener: contextInitialized()
2010/6/1 上午 10:57:23 org.apache.catalina.core.ApplicationContext log
資訊: SessionListener: contextDestroyed()
2010/6/1 上午 10:57:23 org.apache.catalina.core.ApplicationContext log
資訊: ContextListener: contextDestroyed()
2010/6/1 上午 10:57:41 org.apache.catalina.core.ApplicationContext log
資訊: ContextListener: contextInitialized()
2010/6/1 上午 10:57:41 org.apache.catalina.core.ApplicationContext log
資訊: SessionListener: contextInitialized()
2010/6/1 上午 10:58:26 org.apache.catalina.core.ApplicationContext log
資訊: ContextListener: contextInitialized()
2010/6/1 上午 10:58:26 org.apache.catalina.core.ApplicationContext log
資訊: SessionListener: contextInitialized()
2010/6/1 上午 10:58:27 org.apache.catalina.core.ApplicationContext log
資訊: SessionListener: contextDestroyed()
2010/6/1 上午 10:58:27 org.apache.catalina.core.ApplicationContext log
資訊: ContextListener: contextDestroyed()
2010/6/1 上午 10:58:33 org.apache.catalina.core.ApplicationContext log
資訊: SessionListener: contextDestroyed()
2010/6/1 上午 10:58:33 org.apache.catalina.core.ApplicationContext log
資訊: ContextListener: contextDestroyed()
2010/6/1 上午 10:58:37 org.apache.catalina.core.ApplicationContext log
資訊: ContextListener: contextInitialized()
2010/6/1 上午 10:58:37 org.apache.catalina.core.ApplicationContext log
資訊: SessionListener: contextInitialized()
2010/6/1 上午 11:00:48 org.apache.catalina.core.ApplicationContext log
資訊: SessionListener: contextDestroyed()
2010/6/1 上午 11:00:48 org.apache.catalina.core.ApplicationContext log
資訊: ContextListener: contextDestroyed()
2010/6/1 上午 11:00:48 org.apache.catalina.core.ApplicationContext log
資訊: ContextListener: contextInitialized()
2010/6/1 上午 11:00:48 org.apache.catalina.core.ApplicationContext log
資訊: SessionListener: contextInitialized()
2010/6/1 上午 11:01:05 org.apache.catalina.core.ApplicationContext log
資訊: ContextListener: contextInitialized()
2010/6/1 上午 11:01:05 org.apache.catalina.core.ApplicationContext log
資訊: SessionListener: contextInitialized()
2010/6/1 上午 11:01:38 org.apache.catalina.core.ApplicationContext log
資訊: ContextListener: contextInitialized()
2010/6/1 上午 11:01:38 org.apache.catalina.core.ApplicationContext log
資訊: SessionListener: contextInitialized()
2010/6/1 上午 11:01:41 org.apache.catalina.core.ApplicationContext log
資訊: SessionListener: contextDestroyed()
2010/6/1 上午 11:01:41 org.apache.catalina.core.ApplicationContext log
資訊: ContextListener: contextDestroyed()
2010/6/1 上午 11:01:48 org.apache.catalina.core.ApplicationContext log
資訊: ContextListener: contextInitialized()
2010/6/1 上午 11:01:48 org.apache.catalina.core.ApplicationContext log
資訊: SessionListener: contextInitialized()
2010/6/1 上午 11:03:29 org.apache.catalina.core.ApplicationContext log
資訊: SessionListener: contextDestroyed()
2010/6/1 上午 11:03:29 org.apache.catalina.core.ApplicationContext log
資訊: ContextListener: contextDestroyed()
2010/6/1 上午 11:03:29 org.apache.catalina.core.ApplicationContext log
資訊: ContextListener: contextInitialized()
2010/6/1 上午 11:03:29 org.apache.catalina.core.ApplicationContext log
資訊: SessionListener: contextInitialized()
2010/6/1 上午 11:03:58 org.apache.catalina.core.ApplicationContext log
資訊: ContextListener: contextInitialized()
2010/6/1 上午 11:03:58 org.apache.catalina.core.ApplicationContext log
資訊: SessionListener: contextInitialized()
2010/6/1 上午 11:04:02 org.apache.catalina.core.ApplicationContext log
資訊: SessionListener: contextDestroyed()
2010/6/1 上午 11:04:02 org.apache.catalina.core.ApplicationContext log
資訊: ContextListener: contextDestroyed()
2010/6/1 上午 11:04:06 org.apache.catalina.core.ApplicationContext log
資訊: ContextListener: contextInitialized()
2010/6/1 上午 11:04:06 org.apache.catalina.core.ApplicationContext log
資訊: SessionListener: contextInitialized()
2010/6/1 上午 11:04:17 org.apache.catalina.core.ApplicationContext log
資訊: ContextListener: contextInitialized()
2010/6/1 上午 11:04:17 org.apache.catalina.core.ApplicationContext log
資訊: SessionListener: contextInitialized()
2010/6/1 上午 11:07:21 org.apache.catalina.core.ApplicationContext log
資訊: ContextListener: contextInitialized()
2010/6/1 上午 11:07:21 org.apache.catalina.core.ApplicationContext log
資訊: SessionListener: contextInitialized()
2010/6/1 上午 11:07:21 org.apache.catalina.core.ApplicationContext log
資訊: ContextListener: attributeAdded('org.apache.catalina.Registry', 'org.apache.tomcat.util.modeler.Registry@2bc3f5')
2010/6/1 上午 11:07:21 org.apache.catalina.core.ApplicationContext log
資訊: ContextListener: attributeAdded('org.apache.catalina.MBeanServer', 'com.sun.jmx.mbeanserver.JmxMBeanServer@94948a')
2010/6/1 上午 11:12:28 org.apache.catalina.core.ApplicationContext log
資訊: Marking servlet org.apache.catalina.INVOKER.HelloServlet as unavailable
2010/6/1 上午 11:12:28 org.apache.catalina.core.ApplicationContext log
嚴重的: Error loading WebappClassLoader
  delegate: false
  repositories:
    /WEB-INF/classes/
----------> Parent Classloader:
org.apache.catalina.loader.StandardClassLoader@1eed786
 HelloServlet
java.lang.ClassNotFoundException: HelloServlet
	at org.apache.catalina.loader.WebappClassLoader.loadClass(WebappClassLoader.java:1516)
	at org.apache.catalina.loader.WebappClassLoader.loadClass(WebappClassLoader.java:1361)
	at org.apache.catalina.core.StandardWrapper.loadServlet(StandardWrapper.java:1095)
	at org.apache.catalina.core.StandardWrapper.allocate(StandardWrapper.java:809)
	at org.apache.catalina.servlets.InvokerServlet.serveRequest(InvokerServlet.java:363)
	at org.apache.catalina.servlets.InvokerServlet.doGet(InvokerServlet.java:136)
	at javax.servlet.http.HttpServlet.service(HttpServlet.java:617)
	at javax.servlet.http.HttpServlet.service(HttpServlet.java:717)
	at org.apache.catalina.core.ApplicationFilterChain.internalDoFilter(ApplicationFilterChain.java:290)
	at org.apache.catalina.core.ApplicationFilterChain.doFilter(ApplicationFilterChain.java:206)
	at org.apache.catalina.core.StandardWrapperValve.invoke(StandardWrapperValve.java:233)
	at org.apache.catalina.core.StandardContextValve.invoke(StandardContextValve.java:191)
	at org.apache.catalina.core.StandardHostValve.invoke(StandardHostValve.java:127)
	at org.apache.catalina.valves.ErrorReportValve.invoke(ErrorReportValve.java:102)
	at org.apache.catalina.core.StandardEngineValve.invoke(StandardEngineValve.java:109)
	at org.apache.catalina.connector.CoyoteAdapter.service(CoyoteAdapter.java:298)
	at org.apache.coyote.http11.Http11Processor.process(Http11Processor.java:852)
	at org.apache.coyote.http11.Http11Protocol$Http11ConnectionHandler.process(Http11Protocol.java:588)
	at org.apache.tomcat.util.net.JIoEndpoint$Worker.run(JIoEndpoint.java:489)
	at java.lang.Thread.run(Thread.java:619)
2010/6/1 上午 11:12:28 org.apache.catalina.core.ApplicationContext log
嚴重的: invoker: Cannot allocate servlet instance for path /IBM/servlet/HelloServlet
javax.servlet.ServletException: Wrapper cannot find servlet class HelloServlet or a class it depends on
	at org.apache.catalina.core.StandardWrapper.loadServlet(StandardWrapper.java:1103)
	at org.apache.catalina.core.StandardWrapper.allocate(StandardWrapper.java:809)
	at org.apache.catalina.servlets.InvokerServlet.serveRequest(InvokerServlet.java:363)
	at org.apache.catalina.servlets.InvokerServlet.doGet(InvokerServlet.java:136)
	at javax.servlet.http.HttpServlet.service(HttpServlet.java:617)
	at javax.servlet.http.HttpServlet.service(HttpServlet.java:717)
	at org.apache.catalina.core.ApplicationFilterChain.internalDoFilter(ApplicationFilterChain.java:290)
	at org.apache.catalina.core.ApplicationFilterChain.doFilter(ApplicationFilterChain.java:206)
	at org.apache.catalina.core.StandardWrapperValve.invoke(StandardWrapperValve.java:233)
	at org.apache.catalina.core.StandardContextValve.invoke(StandardContextValve.java:191)
	at org.apache.catalina.core.StandardHostValve.invoke(StandardHostValve.java:127)
	at org.apache.catalina.valves.ErrorReportValve.invoke(ErrorReportValve.java:102)
	at org.apache.catalina.core.StandardEngineValve.invoke(StandardEngineValve.java:109)
	at org.apache.catalina.connector.CoyoteAdapter.service(CoyoteAdapter.java:298)
	at org.apache.coyote.http11.Http11Processor.process(Http11Processor.java:852)
	at org.apache.coyote.http11.Http11Protocol$Http11ConnectionHandler.process(Http11Protocol.java:588)
	at org.apache.tomcat.util.net.JIoEndpoint$Worker.run(JIoEndpoint.java:489)
	at java.lang.Thread.run(Thread.java:619)
Caused by: java.lang.ClassNotFoundException: HelloServlet
	at org.apache.catalina.loader.WebappClassLoader.loadClass(WebappClassLoader.java:1516)
	at org.apache.catalina.loader.WebappClassLoader.loadClass(WebappClassLoader.java:1361)
	at org.apache.catalina.core.StandardWrapper.loadServlet(StandardWrapper.java:1095)
	... 17 more
2010/6/1 上午 11:13:33 org.apache.catalina.core.ApplicationContext log
資訊: SessionListener: contextDestroyed()
2010/6/1 上午 11:13:33 org.apache.catalina.core.ApplicationContext log
資訊: ContextListener: contextDestroyed()
2010/6/1 上午 11:15:13 org.apache.catalina.core.ApplicationContext log
資訊: ContextListener: contextInitialized()
2010/6/1 上午 11:15:13 org.apache.catalina.core.ApplicationContext log
資訊: SessionListener: contextInitialized()
2010/6/1 上午 11:15:13 org.apache.catalina.core.ApplicationContext log
資訊: ContextListener: attributeAdded('org.apache.catalina.Registry', 'org.apache.tomcat.util.modeler.Registry@9be79a')
2010/6/1 上午 11:15:13 org.apache.catalina.core.ApplicationContext log
資訊: ContextListener: attributeAdded('org.apache.catalina.MBeanServer', 'com.sun.jmx.mbeanserver.JmxMBeanServer@94948a')
2010/6/1 上午 11:15:36 org.apache.catalina.core.ApplicationContext log
資訊: SessionListener: contextDestroyed()
2010/6/1 上午 11:15:36 org.apache.catalina.core.ApplicationContext log
資訊: ContextListener: contextDestroyed()
